0 info it worked if it ends with ok
1 verbose cli [ 'nodejs', '/usr/bin/npm', 'init' ]
2 info using npm@1.1.65
3 info using node@v0.8.14
4 verbose read json /home/xananax/node/_modules/passport-extended/package.json
5 silly package data undefined
6 info init written successfully
7 error Error: canceled
7 error     at Interface.<anonymous> (/usr/lib/nodejs/npm/node_modules/read/lib/read.js:65:13)
7 error     at Interface.EventEmitter.emit (events.js:126:20)
7 error     at Interface._ttyWrite (readline.js:607:16)
7 error     at ReadStream.onkeypress (readline.js:97:10)
7 error     at ReadStream.EventEmitter.emit (events.js:126:20)
7 error     at emitKey (readline.js:1058:12)
7 error     at ReadStream.onData (readline.js:807:7)
7 error     at ReadStream.EventEmitter.emit (events.js:96:17)
7 error     at TTY.onread (net.js:396:14)
8 error If you need help, you may report this log at:
8 error     <http://github.com/isaacs/npm/issues>
8 error or email it to:
8 error     <npm-@googlegroups.com>
9 error System Linux 3.2.0-20-generic
10 error command "nodejs" "/usr/bin/npm" "init"
11 error cwd /home/xananax/node/_modules/passport-extended
12 error node -v v0.8.14
13 error npm -v 1.1.65
14 verbose exit [ 1, true ]
